<?xml version="1.0" encoding="UTF-8"?>
<!-- Generated by org.testng.reporters.JUnitXMLReporter -->
<testsuite ignored="0" hostname="LAPTOP-RCL9OMJC" failures="0" tests="3" name="Default test" time="29.138" errors="0" timestamp="2024-09-23T21:12:16 IST">
  <testcase classname="com.sevenrmartsupermarket.tests.HomeTest" name="verifyNavigationToSubCategory" time="1.558"/>
  <testcase classname="com.sevenrmartsupermarket.tests.HomeTest" name="verifyProfileName" time="1.177"/>
  <testcase classname="com.sevenrmartsupermarket.tests.HomeTest" name="verifyProfilePictureIsDisplayed" time="0.781"/>
</testsuite> <!-- Default test -->
