<?xml version="1.0" encoding="UTF-8"?>
<!-- Generated by org.testng.reporters.JUnitXMLReporter -->
<testsuite ignored="0" hostname="LAPTOP-RCL9OMJC" failures="0" tests="3" name="Default test" time="11.148" errors="0" timestamp="2024-09-26T11:12:25 IST">
  <testcase classname="com.sevenrmartsupermarket.tests.HomeTest" name="verifyProfileName" time="0.47"/>
  <testcase classname="com.sevenrmartsupermarket.tests.HomeTest" name="verifyProfilePictureIsDisplayed" time="0.382"/>
  <testcase classname="com.sevenrmartsupermarket.tests.HomeTest" name="verifySubCategoryNavigation" time="0.978"/>
</testsuite> <!-- Default test -->
