<?xml version="1.0" encoding="UTF-8"?>
<!-- Generated by org.testng.reporters.JUnitXMLReporter -->
<testsuite ignored="0" hostname="LAPTOP-RCL9OMJC" failures="0" tests="5" name="LoginDetails" time="0.689" errors="0" timestamp="2024-09-26T07:54:25 IST">
  <testcase classname="com.sevenrmartsupermarket.base.Base" name="@BeforeMethod launchBrowser" time="-1.727317465171E9">
    <failure type="org.testng.TestNGException" message="
Parameter &amp;apos;browser&amp;apos; is required by BeforeMethod on method launchBrowser but has not been marked @Optional or defined
in C:\Users\ADMIN\git\repository\com.sevenrmartsupermarket\src\main\resources\xml_files\parallel.xml">
      <![CDATA[org.testng.TestNGException: 
Parameter 'browser' is required by BeforeMethod on method launchBrowser but has not been marked @Optional or defined
in C:\Users\ADMIN\git\repository\com.sevenrmartsupermarket\src\main\resources\xml_files\parallel.xml
at java.base/java.util.ArrayList.forEach(ArrayList.java:1511)
at java.base/java.util.concurrent.FutureTask.run(FutureTask.java:264)
at java.base/java.util.concurrent.ThreadPoolExecutor.runWorker(ThreadPoolExecutor.java:1136)
at java.base/java.util.concurrent.ThreadPoolExecutor$Worker.run(ThreadPoolExecutor.java:635)
at java.base/java.lang.Thread.run(Thread.java:833)
... Removed 18 stack frames]]>
    </failure>
  </testcase> <!-- @BeforeMethod launchBrowser -->
  <testcase classname="com.sevenrmartsupermarket.base.Base" name="@BeforeMethod launchBrowser" time="-1.727317465171E9">
    <failure type="org.testng.TestNGException" message="
Parameter &amp;apos;browser&amp;apos; is required by BeforeMethod on method launchBrowser but has not been marked @Optional or defined
in C:\Users\ADMIN\git\repository\com.sevenrmartsupermarket\src\main\resources\xml_files\parallel.xml">
      <![CDATA[org.testng.TestNGException: 
Parameter 'browser' is required by BeforeMethod on method launchBrowser but has not been marked @Optional or defined
in C:\Users\ADMIN\git\repository\com.sevenrmartsupermarket\src\main\resources\xml_files\parallel.xml
at java.base/java.util.ArrayList.forEach(ArrayList.java:1511)
at java.base/java.util.concurrent.FutureTask.run(FutureTask.java:264)
at java.base/java.util.concurrent.ThreadPoolExecutor.runWorker(ThreadPoolExecutor.java:1136)
at java.base/java.util.concurrent.ThreadPoolExecutor$Worker.run(ThreadPoolExecutor.java:635)
at java.base/java.lang.Thread.run(Thread.java:833)
... Removed 18 stack frames]]>
    </failure>
  </testcase> <!-- @BeforeMethod launchBrowser -->
  <testcase classname="com.sevenrmartsupermarket.base.Base" name="@AfterMethod captureFailureScreenShot" time="0.0">
    <skipped/>
  </testcase> <!-- @AfterMethod captureFailureScreenShot -->
  <testcase classname="com.sevenrmartsupermarket.base.Base" name="@AfterMethod captureFailureScreenShot" time="0.0">
    <skipped/>
  </testcase> <!-- @AfterMethod captureFailureScreenShot -->
  <testcase classname="com.sevenrmartsupermarket.base.Base" name="@BeforeMethod launchBrowser" time="0.0">
    <skipped/>
  </testcase> <!-- @BeforeMethod launchBrowser -->
  <testcase classname="com.sevenrmartsupermarket.base.Base" name="@AfterMethod captureFailureScreenShot" time="0.0">
    <skipped/>
  </testcase> <!-- @AfterMethod captureFailureScreenShot -->
  <testcase classname="com.sevenrmartsupermarket.base.Base" name="@BeforeMethod launchBrowser" time="0.0">
    <skipped/>
  </testcase> <!-- @BeforeMethod launchBrowser -->
  <testcase classname="com.sevenrmartsupermarket.base.Base" name="@AfterMethod captureFailureScreenShot" time="0.0">
    <skipped/>
  </testcase> <!-- @AfterMethod captureFailureScreenShot -->
  <testcase classname="com.sevenrmartsupermarket.base.Base" name="@BeforeMethod launchBrowser" time="0.0">
    <skipped/>
  </testcase> <!-- @BeforeMethod launchBrowser -->
  <testcase classname="com.sevenrmartsupermarket.base.Base" name="@AfterMethod captureFailureScreenShot" time="0.0">
    <skipped/>
  </testcase> <!-- @AfterMethod captureFailureScreenShot -->
  <testcase classname="com.sevenrmartsupermarket.base.Base" name="@BeforeMethod launchBrowser" time="0.0">
    <skipped/>
  </testcase> <!-- @BeforeMethod launchBrowser -->
  <testcase classname="com.sevenrmartsupermarket.base.Base" name="@AfterMethod captureFailureScreenShot" time="0.0">
    <skipped/>
  </testcase> <!-- @AfterMethod captureFailureScreenShot -->
  <testcase classname="com.sevenrmartsupermarket.base.Base" name="@BeforeMethod launchBrowser" time="0.0">
    <skipped/>
  </testcase> <!-- @BeforeMethod launchBrowser -->
  <testcase classname="com.sevenrmartsupermarket.base.Base" name="@AfterMethod captureFailureScreenShot" time="0.0">
    <skipped/>
  </testcase> <!-- @AfterMethod captureFailureScreenShot -->
  <testcase classname="com.sevenrmartsupermarket.base.Base" name="@BeforeMethod launchBrowser" time="0.0">
    <skipped/>
  </testcase> <!-- @BeforeMethod launchBrowser -->
  <testcase classname="com.sevenrmartsupermarket.base.Base" name="@AfterMethod captureFailureScreenShot" time="0.0">
    <skipped/>
  </testcase> <!-- @AfterMethod captureFailureScreenShot -->
  <testcase classname="com.sevenrmartsupermarket.tests.LoginTest" name="verifyLogin" time="0.001">
    <skipped/>
  </testcase> <!-- verifyLogin -->
  <testcase classname="com.sevenrmartsupermarket.tests.LoginTest" name="verifyLoginDataProvider" time="0.0">
    <skipped/>
  </testcase> <!-- verifyLoginDataProvider -->
  <testcase classname="com.sevenrmartsupermarket.tests.LoginTest" name="verifyLoginDataProvider" time="0.001">
    <skipped/>
  </testcase> <!-- verifyLoginDataProvider -->
  <testcase classname="com.sevenrmartsupermarket.tests.LoginTest" name="verifyLoginDataProvider" time="0.0">
    <skipped/>
  </testcase> <!-- verifyLoginDataProvider -->
  <testcase classname="com.sevenrmartsupermarket.tests.LoginTest" name="verifyLoginDataProvider" time="0.0">
    <skipped/>
  </testcase> <!-- verifyLoginDataProvider -->
</testsuite> <!-- LoginDetails -->
