<?xml version="1.0" encoding="UTF-8"?>
<!-- Generated by org.testng.reporters.JUnitXMLReporter -->
<testsuite ignored="0" hostname="LAPTOP-RCL9OMJC" failures="0" tests="3" name="SubCategoryFunctions" time="0.1" errors="0" timestamp="2024-09-26T07:54:25 IST">
  <testcase classname="com.sevenrmartsupermarket.tests.SubCategoryTest" name="verifyAllSubCategorynames" time="0.001">
    <skipped/>
  </testcase> <!-- verifyAllSubCategorynames -->
  <testcase classname="com.sevenrmartsupermarket.tests.SubCategoryTest" name="verifyNewSubCategory" time="0.001">
    <skipped/>
  </testcase> <!-- verifyNewSubCategory -->
  <testcase classname="com.sevenrmartsupermarket.tests.SubCategoryTest" name="verifySubCategoryHeader" time="0.001">
    <skipped/>
  </testcase> <!-- verifySubCategoryHeader -->
</testsuite> <!-- SubCategoryFunctions -->
