<?xml version="1.0" encoding="UTF-8"?>
<!-- Generated by org.testng.reporters.JUnitXMLReporter -->
<testsuite ignored="8" hostname="LAPTOP-RCL9OMJC" failures="0" tests="0" time="0.015" errors="0" timestamp="2024-09-24T21:43:15 IST">
  <testcase classname="com.sevenrmartsupermarket.tests.HomeTest" name="verifyNavigationToSubCategory" time="0.0">
    <ignored/>
  </testcase> <!-- verifyNavigationToSubCategory -->
  <testcase classname="com.sevenrmartsupermarket.tests.HomeTest" name="verifyProfilePictureIsDisplayed" time="0.0">
    <ignored/>
  </testcase> <!-- verifyProfilePictureIsDisplayed -->
  <testcase classname="com.sevenrmartsupermarket.tests.SubCategoryTest" name="verifyAllSubCategorynames" time="0.0">
    <ignored/>
  </testcase> <!-- verifyAllSubCategorynames -->
  <testcase classname="com.sevenrmartsupermarket.tests.LoginTest" name="verifyLogin" time="0.0">
    <ignored/>
  </testcase> <!-- verifyLogin -->
  <testcase classname="com.sevenrmartsupermarket.tests.SubCategoryTest" name="verifySubCategoryHeader" time="0.0">
    <ignored/>
  </testcase> <!-- verifySubCategoryHeader -->
  <testcase classname="com.sevenrmartsupermarket.tests.SubCategoryTest" name="verifyNewSubCategory" time="0.0">
    <ignored/>
  </testcase> <!-- verifyNewSubCategory -->
  <testcase classname="com.sevenrmartsupermarket.tests.LoginTest" name="verifyLoginDataProvider" time="0.0">
    <ignored/>
  </testcase> <!-- verifyLoginDataProvider -->
  <testcase classname="com.sevenrmartsupermarket.tests.HomeTest" name="verifyProfileName" time="0.0">
    <ignored/>
  </testcase> <!-- verifyProfileName -->
</testsuite>
