<?xml version="1.0" encoding="UTF-8"?>
<testng-results ignored="0" total="0" passed="0" failed="0" skipped="0">
  <reporter-output>
  </reporter-output>
  <suite started-at="2024-09-24T21:43:15 IST" name="group execution" finished-at="2024-09-24T21:43:15 IST" duration-ms="15">
    <groups>
    </groups>
    <test started-at="2024-09-24T21:43:15 IST" name="login testing" finished-at="2024-09-24T21:43:15 IST" duration-ms="15">
    </test> <!-- login testing -->
  </suite> <!-- group execution -->
</testng-results>
